<?xml version="1.0" encoding="UTF-8" ?>
<testsuites>
  <testsuite errors="0" failures="0" hostname="DESKTOP-093COF5" id="0" name="HybridServerFirstReleaseTestSuite" package="es.uvigo.esei.dai.hybridserver" skipped="0" tests="116" time="8.021" timestamp="2020-11-10T11:55:59">
      <properties>
[...]
</properties>

      <testcase classname="es.uvigo.esei.dai.hybridserver.week1.WelcomePageTest" name="testMultipleWelcome" time="1.087" />

      <testcase classname="es.uvigo.esei.dai.hybridserver.week1.WelcomePageTest" name="testWelcome" time="0.005" />

      <testcase classname="es.uvigo.esei.dai.hybridserver.week1.HTTPBadRequestsTest" name="test[Missing method]" time="0.0" />

      <testcase classname="es.uvigo.esei.dai.hybridserver.week1.HTTPBadRequestsTest" name="test[Missing resource]" time="0.0" />

      <testcase classname="es.uvigo.esei.dai.hybridserver.week1.HTTPBadRequestsTest" name="test[Missing version]" time="0.0" />

      <testcase classname="es.uvigo.esei.dai.hybridserver.week1.HTTPBadRequestsTest" name="test[Missing first line]" time="0.0" />

      <testcase classname="es.uvigo.esei.dai.hybridserver.week1.HTTPBadRequestsTest" name="test[Invalid header]" time="0.0" />

      <testcase classname="es.uvigo.esei.dai.hybridserver.week1.HTTPRequestGETRootTest" name="testGetResourceChain" time="0.002" />

      <testcase classname="es.uvigo.esei.dai.hybridserver.week1.HTTPRequestGETRootTest" name="testToString" time="0.001" />

      <testcase classname="es.uvigo.esei.dai.hybridserver.week1.HTTPRequestGETRootTest" name="testGetHttpVersion" time="0.0" />

      <testcase classname="es.uvigo.esei.dai.hybridserver.week1.HTTPRequestGETRootTest" name="testGetHeaderParameters" time="0.002" />

      <testcase classname="es.uvigo.esei.dai.hybridserver.week1.HTTPRequestGETRootTest" name="testGetResourceName" time="0.002" />

      <testcase classname="es.uvigo.esei.dai.hybridserver.week1.HTTPRequestGETRootTest" name="testGetResourcePath" time="0.001" />

      <testcase classname="es.uvigo.esei.dai.hybridserver.week1.HTTPRequestGETRootTest" name="testGetContent" time="0.0" />

      <testcase classname="es.uvigo.esei.dai.hybridserver.week1.HTTPRequestGETRootTest" name="testGetMethod" time="0.001" />

      <testcase classname="es.uvigo.esei.dai.hybridserver.week1.HTTPRequestGETRootTest" name="testGetContentLength" time="0.0" />

      <testcase classname="es.uvigo.esei.dai.hybridserver.week1.HTTPRequestGETRootTest" name="testGetResourceParameters" time="0.0" />

      <testcase classname="es.uvigo.esei.dai.hybridserver.week1.HTTPRequestGETResourceTest" name="testGetResourceChain" time="0.0" />

      <testcase classname="es.uvigo.esei.dai.hybridserver.week1.HTTPRequestGETResourceTest" name="testToString" time="0.001" />

      <testcase classname="es.uvigo.esei.dai.hybridserver.week1.HTTPRequestGETResourceTest" name="testGetHttpVersion" time="0.0" />

      <testcase classname="es.uvigo.esei.dai.hybridserver.week1.HTTPRequestGETResourceTest" name="testGetHeaderParameters" time="0.001" />

      <testcase classname="es.uvigo.esei.dai.hybridserver.week1.HTTPRequestGETResourceTest" name="testGetResourceName" time="0.0" />

      <testcase classname="es.uvigo.esei.dai.hybridserver.week1.HTTPRequestGETResourceTest" name="testGetResourcePath" time="0.002" />

      <testcase classname="es.uvigo.esei.dai.hybridserver.week1.HTTPRequestGETResourceTest" name="testGetContent" time="0.001" />

      <testcase classname="es.uvigo.esei.dai.hybridserver.week1.HTTPRequestGETResourceTest" name="testGetMethod" time="0.0" />

      <testcase classname="es.uvigo.esei.dai.hybridserver.week1.HTTPRequestGETResourceTest" name="testGetContentLength" time="0.0" />

      <testcase classname="es.uvigo.esei.dai.hybridserver.week1.HTTPRequestGETResourceTest" name="testGetResourceParameters" time="0.001" />

      <testcase classname="es.uvigo.esei.dai.hybridserver.week1.HTTPRequestGETResourcesTest" name="testGetResourceChain" time="0.0" />

      <testcase classname="es.uvigo.esei.dai.hybridserver.week1.HTTPRequestGETResourcesTest" name="testToString" time="0.001" />

      <testcase classname="es.uvigo.esei.dai.hybridserver.week1.HTTPRequestGETResourcesTest" name="testGetHttpVersion" time="0.001" />

      <testcase classname="es.uvigo.esei.dai.hybridserver.week1.HTTPRequestGETResourcesTest" name="testGetHeaderParameters" time="0.001" />

      <testcase classname="es.uvigo.esei.dai.hybridserver.week1.HTTPRequestGETResourcesTest" name="testGetResourceName" time="0.001" />

      <testcase classname="es.uvigo.esei.dai.hybridserver.week1.HTTPRequestGETResourcesTest" name="testGetResourcePath" time="0.001" />

      <testcase classname="es.uvigo.esei.dai.hybridserver.week1.HTTPRequestGETResourcesTest" name="testGetContent" time="0.001" />

      <testcase classname="es.uvigo.esei.dai.hybridserver.week1.HTTPRequestGETResourcesTest" name="testGetMethod" time="0.001" />

      <testcase classname="es.uvigo.esei.dai.hybridserver.week1.HTTPRequestGETResourcesTest" name="testGetContentLength" time="0.0" />

      <testcase classname="es.uvigo.esei.dai.hybridserver.week1.HTTPRequestGETResourcesTest" name="testGetResourceParameters" time="0.005" />

      <testcase classname="es.uvigo.esei.dai.hybridserver.week1.HTTPRequestGETParametersTest" name="testGetResourceChain" time="0.002" />

      <testcase classname="es.uvigo.esei.dai.hybridserver.week1.HTTPRequestGETParametersTest" name="testToString" time="0.001" />

      <testcase classname="es.uvigo.esei.dai.hybridserver.week1.HTTPRequestGETParametersTest" name="testGetHttpVersion" time="0.001" />

      <testcase classname="es.uvigo.esei.dai.hybridserver.week1.HTTPRequestGETParametersTest" name="testGetHeaderParameters" time="0.0" />

      <testcase classname="es.uvigo.esei.dai.hybridserver.week1.HTTPRequestGETParametersTest" name="testGetResourceName" time="0.001" />

      <testcase classname="es.uvigo.esei.dai.hybridserver.week1.HTTPRequestGETParametersTest" name="testGetResourcePath" time="0.0" />

      <testcase classname="es.uvigo.esei.dai.hybridserver.week1.HTTPRequestGETParametersTest" name="testGetContent" time="0.003" />

      <testcase classname="es.uvigo.esei.dai.hybridserver.week1.HTTPRequestGETParametersTest" name="testGetMethod" time="0.001" />

      <testcase classname="es.uvigo.esei.dai.hybridserver.week1.HTTPRequestGETParametersTest" name="testGetContentLength" time="0.0" />

      <testcase classname="es.uvigo.esei.dai.hybridserver.week1.HTTPRequestGETParametersTest" name="testGetResourceParameters" time="0.001" />

      <testcase classname="es.uvigo.esei.dai.hybridserver.week1.HTTPRequestPOSTOneParameterTest" name="testGetResourceChain" time="0.001" />

      <testcase classname="es.uvigo.esei.dai.hybridserver.week1.HTTPRequestPOSTOneParameterTest" name="testToString" time="0.0" />

      <testcase classname="es.uvigo.esei.dai.hybridserver.week1.HTTPRequestPOSTOneParameterTest" name="testGetHttpVersion" time="0.0" />

      <testcase classname="es.uvigo.esei.dai.hybridserver.week1.HTTPRequestPOSTOneParameterTest" name="testGetHeaderParameters" time="0.0" />

      <testcase classname="es.uvigo.esei.dai.hybridserver.week1.HTTPRequestPOSTOneParameterTest" name="testGetResourceName" time="0.0" />

      <testcase classname="es.uvigo.esei.dai.hybridserver.week1.HTTPRequestPOSTOneParameterTest" name="testGetResourcePath" time="0.0" />

      <testcase classname="es.uvigo.esei.dai.hybridserver.week1.HTTPRequestPOSTOneParameterTest" name="testGetContent" time="0.001" />

      <testcase classname="es.uvigo.esei.dai.hybridserver.week1.HTTPRequestPOSTOneParameterTest" name="testGetMethod" time="0.0" />

      <testcase classname="es.uvigo.esei.dai.hybridserver.week1.HTTPRequestPOSTOneParameterTest" name="testGetContentLength" time="0.001" />

      <testcase classname="es.uvigo.esei.dai.hybridserver.week1.HTTPRequestPOSTOneParameterTest" name="testGetResourceParameters" time="0.0" />

      <testcase classname="es.uvigo.esei.dai.hybridserver.week1.HTTPRequestPOSTMultipleParametersTest" name="testGetResourceChain" time="0.0" />

      <testcase classname="es.uvigo.esei.dai.hybridserver.week1.HTTPRequestPOSTMultipleParametersTest" name="testToString" time="0.0" />

      <testcase classname="es.uvigo.esei.dai.hybridserver.week1.HTTPRequestPOSTMultipleParametersTest" name="testGetHttpVersion" time="0.001" />

      <testcase classname="es.uvigo.esei.dai.hybridserver.week1.HTTPRequestPOSTMultipleParametersTest" name="testGetHeaderParameters" time="0.001" />

      <testcase classname="es.uvigo.esei.dai.hybridserver.week1.HTTPRequestPOSTMultipleParametersTest" name="testGetResourceName" time="0.0" />

      <testcase classname="es.uvigo.esei.dai.hybridserver.week1.HTTPRequestPOSTMultipleParametersTest" name="testGetResourcePath" time="0.001" />

      <testcase classname="es.uvigo.esei.dai.hybridserver.week1.HTTPRequestPOSTMultipleParametersTest" name="testGetContent" time="0.0" />

      <testcase classname="es.uvigo.esei.dai.hybridserver.week1.HTTPRequestPOSTMultipleParametersTest" name="testGetMethod" time="0.001" />

      <testcase classname="es.uvigo.esei.dai.hybridserver.week1.HTTPRequestPOSTMultipleParametersTest" name="testGetContentLength" time="0.0" />

      <testcase classname="es.uvigo.esei.dai.hybridserver.week1.HTTPRequestPOSTMultipleParametersTest" name="testGetResourceParameters" time="0.001" />

      <testcase classname="es.uvigo.esei.dai.hybridserver.week1.HTTPRequestPOSTEncodedTest" name="testGetResourceChain" time="0.005" />

      <testcase classname="es.uvigo.esei.dai.hybridserver.week1.HTTPRequestPOSTEncodedTest" name="testToString" time="0.0" />

      <testcase classname="es.uvigo.esei.dai.hybridserver.week1.HTTPRequestPOSTEncodedTest" name="testGetHttpVersion" time="0.0" />

      <testcase classname="es.uvigo.esei.dai.hybridserver.week1.HTTPRequestPOSTEncodedTest" name="testGetHeaderParameters" time="0.003" />

      <testcase classname="es.uvigo.esei.dai.hybridserver.week1.HTTPRequestPOSTEncodedTest" name="testGetResourceName" time="0.0" />

      <testcase classname="es.uvigo.esei.dai.hybridserver.week1.HTTPRequestPOSTEncodedTest" name="testGetResourcePath" time="0.001" />

      <testcase classname="es.uvigo.esei.dai.hybridserver.week1.HTTPRequestPOSTEncodedTest" name="testGetContent" time="0.0" />

      <testcase classname="es.uvigo.esei.dai.hybridserver.week1.HTTPRequestPOSTEncodedTest" name="testGetMethod" time="0.0" />

      <testcase classname="es.uvigo.esei.dai.hybridserver.week1.HTTPRequestPOSTEncodedTest" name="testGetContentLength" time="0.003" />

      <testcase classname="es.uvigo.esei.dai.hybridserver.week1.HTTPRequestPOSTEncodedTest" name="testGetResourceParameters" time="0.004" />

      <testcase classname="es.uvigo.esei.dai.hybridserver.week1.HTTPResponseNoContentTest" name="testPrint" time="0.0" />

      <testcase classname="es.uvigo.esei.dai.hybridserver.week1.HTTPResponseNoContentWithHeadersTest" name="testPrint" time="0.004" />

      <testcase classname="es.uvigo.esei.dai.hybridserver.week1.HTTPResponseTest" name="testPrint" time="0.001" />

      <testcase classname="es.uvigo.esei.dai.hybridserver.week1.HTTPResponseWithHeadersTest" name="testPrint" time="0.001" />

      <testcase classname="es.uvigo.esei.dai.hybridserver.week2.ClientRequetsTest" name="testPostInvalidContent" time="0.042" />

      <testcase classname="es.uvigo.esei.dai.hybridserver.week2.ClientRequetsTest" name="testPost" time="0.536" />

      <testcase classname="es.uvigo.esei.dai.hybridserver.week2.ClientRequetsTest" name="testGetInvalidResource" time="0.007" />

      <testcase classname="es.uvigo.esei.dai.hybridserver.week2.ClientRequetsTest" name="testGetInvalidHtmlPage" time="0.006" />

      <testcase classname="es.uvigo.esei.dai.hybridserver.week2.ClientRequetsTest" name="testGetHtmlList" time="0.009" />

      <testcase classname="es.uvigo.esei.dai.hybridserver.week2.ClientRequetsTest" name="testGetHtmlPage" time="0.028" />

      <testcase classname="es.uvigo.esei.dai.hybridserver.week2.ClientRequetsTest" name="testDelete" time="0.006" />

      <testcase classname="es.uvigo.esei.dai.hybridserver.week2.ClientRequetsTest" name="testDeleteNonexistentPage" time="0.005" />

      <testcase classname="es.uvigo.esei.dai.hybridserver.week3.CustomPortTest" name="testMultipleWelcome[0]" time="0.025" />

      <testcase classname="es.uvigo.esei.dai.hybridserver.week3.CustomPortTest" name="testWelcome[0]" time="0.003" />

      <testcase classname="es.uvigo.esei.dai.hybridserver.week3.CustomPortTest" name="testMultipleWelcome[1]" time="0.019" />

      <testcase classname="es.uvigo.esei.dai.hybridserver.week3.CustomPortTest" name="testWelcome[1]" time="0.004" />

      <testcase classname="es.uvigo.esei.dai.hybridserver.week3.CustomPortTest" name="testMultipleWelcome[2]" time="0.565" />

      <testcase classname="es.uvigo.esei.dai.hybridserver.week3.CustomPortTest" name="testWelcome[2]" time="0.007" />

      <testcase classname="es.uvigo.esei.dai.hybridserver.week3.CustomPortTest" name="testMultipleWelcome[3]" time="0.526" />

      <testcase classname="es.uvigo.esei.dai.hybridserver.week3.CustomPortTest" name="testWelcome[3]" time="0.003" />

      <testcase classname="es.uvigo.esei.dai.hybridserver.week3.CustomPortTest" name="testMultipleWelcome[4]" time="0.027" />

      <testcase classname="es.uvigo.esei.dai.hybridserver.week3.CustomPortTest" name="testWelcome[4]" time="0.505" />

      <testcase classname="es.uvigo.esei.dai.hybridserver.week3.CustomPortTest" name="testMultipleWelcome[5]" time="0.016" />

      <testcase classname="es.uvigo.esei.dai.hybridserver.week3.CustomPortTest" name="testWelcome[5]" time="0.003" />

      <testcase classname="es.uvigo.esei.dai.hybridserver.week3.CustomPortTest" name="testMultipleWelcome[6]" time="0.544" />

      <testcase classname="es.uvigo.esei.dai.hybridserver.week3.CustomPortTest" name="testWelcome[6]" time="0.003" />

      <testcase classname="es.uvigo.esei.dai.hybridserver.week3.CustomPortTest" name="testMultipleWelcome[7]" time="0.019" />

      <testcase classname="es.uvigo.esei.dai.hybridserver.week3.CustomPortTest" name="testWelcome[7]" time="0.516" />

      <testcase classname="es.uvigo.esei.dai.hybridserver.week3.CustomPortTest" name="testMultipleWelcome[8]" time="0.018" />

      <testcase classname="es.uvigo.esei.dai.hybridserver.week3.CustomPortTest" name="testWelcome[8]" time="0.003" />

      <testcase classname="es.uvigo.esei.dai.hybridserver.week3.CustomPortTest" name="testMultipleWelcome[9]" time="0.019" />

      <testcase classname="es.uvigo.esei.dai.hybridserver.week3.CustomPortTest" name="testWelcome[9]" time="0.003" />

      <testcase classname="es.uvigo.esei.dai.hybridserver.week3.ClientRequestsWithDatabaseTest" name="testPostInvalidContent" time="0.375" />

      <testcase classname="es.uvigo.esei.dai.hybridserver.week3.ClientRequestsWithDatabaseTest" name="testPost" time="0.115" />

      <testcase classname="es.uvigo.esei.dai.hybridserver.week3.ClientRequestsWithDatabaseTest" name="testGetInvalidResource" time="0.628" />

      <testcase classname="es.uvigo.esei.dai.hybridserver.week3.ClientRequestsWithDatabaseTest" name="testGetInvalidHtmlPage" time="0.6" />

      <testcase classname="es.uvigo.esei.dai.hybridserver.week3.ClientRequestsWithDatabaseTest" name="testGetHtmlList" time="0.583" />

      <testcase classname="es.uvigo.esei.dai.hybridserver.week3.ClientRequestsWithDatabaseTest" name="testDelete" time="0.117" />

      <testcase classname="es.uvigo.esei.dai.hybridserver.week3.ClientRequestsWithDatabaseTest" name="testDeleteNonexistentPage" time="0.715" />

      <system-out><![CDATA[]]></system-out>

      <system-err><![CDATA[nov 10, 2020 12:56:01 PM org.apache.http.impl.execchain.RetryExec execute
INFORMACIÓN: I/O exception (org.apache.http.NoHttpResponseException) caught when processing request to {}->http://localhost:7315: The target server failed to respond
nov 10, 2020 12:56:01 PM org.apache.http.impl.execchain.RetryExec execute
INFORMACIÓN: Retrying request to {}->http://localhost:7315
Loading class `com.mysql.jdbc.Driver'. This is deprecated. The new driver class is `com.mysql.cj.jdbc.Driver'. The driver is automatically registered via the SPI and manual loading of the driver class is generally unnecessary.
]]></system-err>

  </testsuite>
</testsuites>
